Arguments: 
  C:\Program Files\nodejs\node.exe C:\Users\Hassan Elgamily\AppData\Roaming\npm\node_modules\yarn\bin\yarn.js install

PATH: 
  C:\Users\Hassan Elgamily\bin;C:\Program Files\Git\mingw64\bin;C:\Program Files\Git\usr\local\bin;C:\Program Files\Git\usr\bin;C:\Program Files\Git\usr\bin;C:\Program Files\Git\mingw64\bin;C:\Program Files\Git\usr\bin;C:\Users\Hassan Elgamily\bin;C:\Program Files (x86)\Common Files\Intel\Shared Libraries\redist\intel64\compiler;C:\windows\system32;C:\windows;C:\windows\System32\Wbem;C:\windows\System32\WindowsPowerShell\v1.0;C:\windows\System32\OpenSSH;C:\Program Files (x86)\NVIDIA Corporation\PhysX\Common;C:\Program Files\dotnet;C:\Program Files\Microsoft SQL Server\130\Tools\Binn;C:\Program Files\Microsoft SQL Server\120\Tools\Binn;C:\Program Files\Common Files\Autodesk Shared;C:\Program Files\Microsoft SQL Server\Client SDK\ODBC\170\Tools\Binn;C:\WINDOWS\system32;C:\WINDOWS;C:\WINDOWS\System32\Wbem;C:\WINDOWS\System32\WindowsPowerShell\v1.0;C:\WINDOWS\System32\OpenSSH;C:\Program Files\Git\cmd;C:\Program Files\nodejs;C:\Users\Hassan Elgamily\AppData\Local\Microsoft\WindowsApps;C:\Users\Hassan Elgamily\AppData\Roaming\npm;C:\Program Files\Git\usr\bin\vendor_perl;C:\Program Files\Git\usr\bin\core_perl

Yarn version: 
  1.21.1

Node version: 
  12.15.0

Platform: 
  win32 x64

Trace: 
  Error: EPERM: operation not permitted, unlink 'C:\Users\Hassan Elgamily\Desktop\react-course-projects\expensify-app\node_modules\boom\images'

npm manifest: 
  {
    "name": "expensify",
    "version": "1.0.0",
    "main": "index.js",
    "author": "Hassan Elgamily",
    "license": "MIT",
    "scripts": {
      "build:dev": "webpack",
      "build:prod": "webpack -p --env production",
      "dev-server": "webpack-dev-server",
      "test": "jest --config=jest.config.json",
      "start": "node server/server.js",
      "heroku-postbuild": "yarn run build:prod"
    },
    "dependencies": {
      "babel-cli": "^6.26.0",
      "babel-core": "6.25.0",
      "babel-loader": "7.1.1",
      "babel-plugin-transform-class-properties": "6.24.1",
      "babel-plugin-transform-object-rest-spread": "^6.26.0",
      "babel-preset-env": "1.5.2",
      "babel-preset-react": "6.24.1",
      "css-loader": "^3.4.2",
      "enzyme-adapter-react-16": "1.0.0",
      "express": "4.15.4",
      "extract-text-webpack-plugin": "^4.0.0-beta.0",
      "moment": "^2.24.0",
      "node-sass": "^4.13.1",
      "normalize.css": "^8.0.1",
      "numeral": "2.0.6",
      "raf": "3.3.2",
      "react": "16",
      "react-addons-shallow-compare": "^15.6.2",
      "react-dates": "^21.8.0",
      "react-dom": "16",
      "react-modal": "^3.11.1",
      "react-redux": "^7.1.3",
      "react-router-dom": "^5.1.2",
      "redux": "3.7.2",
      "sass-loader": "^8.0.2",
      "style-loader": "^1.1.3",
      "uuid": "^3.4.0",
      "validator": "^12.2.0",
      "webpack": "^4.41.6",
      "webpack-cli": "^3.3.11"
    },
    "devDependencies": {
      "enzyme": "3.0.0",
      "enzyme-to-json": "3.0.1",
      "jest": "20.0.4",
      "react-test-renderer": "16.0.0",
      "webpack-dev-server": "^3.10.3"
    }
  }

yarn manifest: 
  No manifest

Lockfile: 
  No lockfile
